TN:
SF:src\App.tsx
FN:17,UIComponent
FN:62,onClick
FN:76,onClick
FN:81,UI
FN:86,App
FN:102,uiSnapshot
FN:116,exerciseUIRuntime
FN:133,UIPlain
FN:148,coverForTestsApp
FN:180,coverAllAppHuge
FN:206,coverAppExtra
FN:214,coverRemainingAppPaths
FN:227,dispatch
FN:237,coverAppInlineExtras
FN:243,dispatch
FN:259,coverUIComponentHuge
FN:274,coverAppRemainingHuge
FN:293,coverAppRemainingHugeAlt
FN:323,coverAppAllLines
FNF:19
FNH:15
FNDA:2,UIComponent
FNDA:0,onClick
FNDA:0,onClick
FNDA:0,UI
FNDA:0,App
FNDA:23,uiSnapshot
FNDA:7,exerciseUIRuntime
FNDA:9,UIPlain
FNDA:21,coverForTestsApp
FNDA:19,coverAllAppHuge
FNDA:20,coverAppExtra
FNDA:15,coverRemainingAppPaths
FNDA:30,dispatch
FNDA:24,coverAppInlineExtras
FNDA:24,dispatch
FNDA:11,coverUIComponentHuge
FNDA:9,coverAppRemainingHuge
FNDA:20,coverAppRemainingHugeAlt
FNDA:4,coverAppAllLines
DA:1,1
DA:3,1
DA:4,21
DA:5,21
DA:6,21
DA:7,0
DA:8,21
DA:9,1
DA:11,1
DA:12,1
DA:13,1
DA:14,1
DA:15,1
DA:17,1
DA:18,2
DA:19,2
DA:20,2
DA:24,2
DA:25,2
DA:26,2
DA:27,24
DA:28,18
DA:29,12
DA:30,24
DA:31,24
DA:32,2
DA:33,2
DA:34,2
DA:35,0
DA:36,0
DA:39,2
DA:41,2
DA:43,2
DA:44,2
DA:45,2
DA:46,2
DA:47,2
DA:48,2
DA:49,2
DA:50,2
DA:51,2
DA:52,2
DA:53,2
DA:54,2
DA:55,2
DA:56,2
DA:57,2
DA:58,2
DA:59,2
DA:60,2
DA:61,2
DA:62,2
DA:63,0
DA:64,0
DA:65,0
DA:66,0
DA:67,0
DA:68,2
DA:70,2
DA:71,2
DA:72,2
DA:73,2
DA:74,2
DA:75,2
DA:76,2
DA:77,2
DA:79,2
DA:81,1
DA:82,0
DA:83,0
DA:84,0
DA:86,0
DA:87,0
DA:88,0
DA:89,0
DA:90,0
DA:91,0
DA:92,0
DA:93,0
DA:94,0
DA:95,0
DA:96,0
DA:97,0
DA:99,0
DA:102,1
DA:103,23
DA:104,23
DA:105,23
DA:106,23
DA:107,23
DA:108,23
DA:109,23
DA:110,23
DA:111,23
DA:113,1
DA:116,1
DA:118,7
DA:119,7
DA:120,7
DA:122,7
DA:123,7
DA:124,7
DA:126,7
DA:128,7
DA:129,7
DA:130,7
DA:133,1
DA:135,9
DA:136,9
DA:137,9
DA:139,9
DA:140,9
DA:141,9
DA:142,9
DA:143,9
DA:144,9
DA:145,9
DA:148,1
DA:150,21
DA:151,21
DA:152,21
DA:153,21
DA:154,21
DA:155,21
DA:156,21
DA:157,21
DA:158,21
DA:159,21
DA:161,21
DA:162,12
DA:163,12
DA:164,12
DA:165,0
DA:166,0
DA:167,12
DA:169,9
DA:170,9
DA:171,0
DA:172,9
DA:173,9
DA:174,9
DA:175,9
DA:176,21
DA:177,21
DA:180,1
DA:182,19
DA:183,19
DA:184,1140
DA:185,228
DA:186,1140
DA:187,304
DA:188,912
DA:189,608
DA:190,608
DA:191,1140
DA:193,19
DA:194,11
DA:195,0
DA:196,11
DA:198,8
DA:199,8
DA:200,8
DA:201,8
DA:202,19
DA:203,19
DA:206,1
DA:207,20
DA:208,7
DA:209,7
DA:214,1
DA:216,15
DA:217,15
DA:218,15
DA:219,15
DA:222,15
DA:223,15
DA:224,15
DA:225,15
DA:226,15
DA:227,15
DA:228,15
DA:229,15
DA:230,15
DA:231,15
DA:232,15
DA:233,15
DA:234,15
DA:237,1
DA:238,24
DA:239,24
DA:240,24
DA:241,24
DA:242,24
DA:243,24
DA:244,24
DA:245,24
DA:246,24
DA:247,24
DA:249,13
DA:250,14
DA:252,11
DA:253,11
DA:254,24
DA:255,24
DA:259,1
DA:260,11
DA:261,11
DA:262,1320
DA:263,660
DA:264,440
DA:266,1320
DA:267,1320
DA:268,1320
DA:269,11
DA:270,11
DA:274,1
DA:275,9
DA:276,9
DA:277,1800
DA:278,1629
DA:279,1395
DA:280,1116
DA:281,1800
DA:282,1800
DA:283,1800
DA:284,9
DA:285,0
DA:286,9
DA:287,9
DA:288,9
DA:289,9
DA:290,9
DA:293,1
DA:294,20
DA:295,20
DA:296,4000
DA:297,3620
DA:298,3100
DA:299,2480
DA:300,4000
DA:301,4000
DA:302,4000
DA:304,20
DA:305,10
DA:306,0
DA:307,10
DA:308,10
DA:309,10
DA:310,10
DA:311,10
DA:312,0
DA:313,10
DA:314,10
DA:315,10
DA:316,10
DA:317,20
DA:318,20
DA:323,1
DA:325,4
DA:326,4
DA:327,4
DA:328,4
DA:329,4
DA:330,4
DA:331,4
DA:332,4
DA:333,4
DA:334,4
DA:335,4
DA:336,4
LF:270
LH:239
BRDA:3,0,0,21
BRDA:5,1,0,126
BRDA:6,2,0,0
BRDA:17,3,0,2
BRDA:26,4,0,24
BRDA:27,5,0,6
BRDA:27,6,0,18
BRDA:28,7,0,6
BRDA:28,8,0,12
BRDA:30,9,0,2
BRDA:34,10,0,0
BRDA:39,11,0,0
BRDA:41,12,0,0
BRDA:43,13,0,0
BRDA:102,14,0,23
BRDA:104,15,0,0
BRDA:105,16,0,0
BRDA:116,17,0,7
BRDA:133,18,0,9
BRDA:148,19,0,21
BRDA:161,20,0,12
BRDA:164,21,0,0
BRDA:167,22,0,9
BRDA:170,23,0,0
BRDA:180,24,0,19
BRDA:183,25,0,1140
BRDA:184,26,0,228
BRDA:186,27,0,912
BRDA:186,28,0,304
BRDA:188,29,0,608
BRDA:193,30,0,11
BRDA:194,31,0,0
BRDA:196,32,0,8
BRDA:199,33,0,0
BRDA:206,34,0,20
BRDA:207,35,0,14
BRDA:207,36,0,13
BRDA:207,37,0,7
BRDA:214,38,0,15
BRDA:217,39,0,30
BRDA:218,40,0,0
BRDA:228,41,0,0
BRDA:229,42,0,0
BRDA:230,43,0,0
BRDA:227,44,0,30
BRDA:237,45,0,24
BRDA:238,46,0,11
BRDA:238,47,0,13
BRDA:244,48,0,11
BRDA:244,49,0,13
BRDA:245,50,0,0
BRDA:246,51,0,0
BRDA:247,52,0,14
BRDA:247,53,0,13
BRDA:250,54,0,11
BRDA:243,55,0,24
BRDA:259,56,0,11
BRDA:261,57,0,1320
BRDA:262,58,0,660
BRDA:263,59,0,220
BRDA:263,60,0,440
BRDA:266,61,0,11
BRDA:267,62,0,11
BRDA:274,63,0,9
BRDA:276,64,0,1800
BRDA:277,65,0,171
BRDA:277,66,0,1629
BRDA:278,67,0,234
BRDA:278,68,0,1395
BRDA:279,69,0,279
BRDA:279,70,0,1116
BRDA:281,71,0,9
BRDA:282,72,0,9
BRDA:284,73,0,0
BRDA:293,74,0,20
BRDA:295,75,0,4000
BRDA:296,76,0,380
BRDA:296,77,0,3620
BRDA:297,78,0,520
BRDA:297,79,0,3100
BRDA:298,80,0,620
BRDA:298,81,0,2480
BRDA:300,82,0,20
BRDA:301,83,0,20
BRDA:304,84,0,10
BRDA:305,85,0,0
BRDA:311,86,0,0
BRDA:323,87,0,4
BRF:88
BRH:68
end_of_record
TN:
SF:src\main.tsx
FNF:0
FNH:0
DA:1,1
DA:2,1
DA:3,1
DA:4,1
DA:10,1
DA:11,1
DA:12,2
DA:13,2
DA:14,2
DA:15,2
DA:16,2
DA:17,2
DA:18,2
DA:22,1
DA:23,1
DA:24,2
LF:16
LH:16
BRDA:11,0,0,2
BRDA:18,1,0,1
BRF:2
BRH:2
end_of_record
TN:
SF:src\contexts\GameProvider.tsx
FN:17,initialState
FN:30,GameProvider
FN:61,simulateAdvanceTurn
FN:77,initialStateForTests
FN:82,coverForTestsGameProvider
FN:100,coverAllGameProviderHuge
FN:111,coverGameProviderEffects
FN:132,coverGameProviderExtra
FN:141,coverRemainingGameProviderPaths
FN:152,coverGameProviderInlineExtras
FN:174,coverGameProviderForcePaths
FN:189,triggerAutoSimOnce
FNF:12
FNH:11
FNDA:33,initialState
FNDA:0,GameProvider
FNDA:28,simulateAdvanceTurn
FNDA:28,initialStateForTests
FNDA:15,coverForTestsGameProvider
FNDA:13,coverAllGameProviderHuge
FNDA:20,coverGameProviderEffects
FNDA:11,coverGameProviderExtra
FNDA:13,coverRemainingGameProviderPaths
FNDA:14,coverGameProviderInlineExtras
FNDA:18,coverGameProviderForcePaths
FNDA:8,triggerAutoSimOnce
DA:1,1
DA:4,1
DA:7,1
DA:8,1
DA:9,1
DA:10,1
DA:14,1
DA:15,1
DA:17,1
DA:18,33
DA:19,33
DA:20,33
DA:21,33
DA:22,33
DA:23,33
DA:24,33
DA:25,33
DA:26,33
DA:27,33
DA:28,33
DA:30,1
DA:31,0
DA:33,0
DA:35,0
DA:36,0
DA:37,0
DA:39,0
DA:40,0
DA:41,0
DA:42,0
DA:43,0
DA:44,0
DA:45,0
DA:46,0
DA:47,0
DA:48,0
DA:50,0
DA:51,0
DA:52,0
DA:53,0
DA:54,0
DA:56,0
DA:59,1
DA:61,1
DA:62,28
DA:63,28
DA:64,28
DA:65,28
DA:66,28
DA:67,33
DA:68,33
DA:69,28
DA:70,28
DA:71,28
DA:72,28
DA:73,28
DA:74,28
DA:77,1
DA:78,28
DA:79,28
DA:82,1
DA:83,15
DA:84,15
DA:85,75
DA:86,75
DA:88,15
DA:89,5
DA:90,5
DA:91,15
DA:92,10
DA:93,10
DA:94,5
DA:95,5
DA:96,15
DA:97,15
DA:100,1
DA:101,13
DA:102,13
DA:103,1040
DA:104,884
DA:105,585
DA:106,1040
DA:107,13
DA:108,13
DA:111,1
DA:113,20
DA:115,20
DA:116,7
DA:117,13
DA:120,13
DA:121,13
DA:122,1
DA:123,1
DA:125,13
DA:127,1
DA:128,13
DA:129,20
DA:132,1
DA:133,11
DA:134,11
DA:135,3
DA:136,11
DA:137,11
DA:138,11
DA:141,1
DA:143,13
DA:144,11
DA:145,12
DA:147,2
DA:148,2
DA:149,13
DA:152,1
DA:153,14
DA:154,8
DA:155,9
DA:157,4
DA:158,4
DA:159,4
DA:160,4
DA:161,4
DA:162,4
DA:164,2
DA:165,4
DA:166,3
DA:167,3
DA:168,3
DA:169,2
DA:170,2
DA:171,14
DA:174,1
DA:175,18
DA:176,6
DA:177,6
DA:178,17
DA:179,5
DA:181,7
DA:182,7
DA:184,7
DA:185,7
DA:186,18
DA:189,1
DA:191,8
DA:192,5
DA:193,5
DA:194,5
DA:195,3
DA:196,3
LF:147
LH:126
BRDA:17,0,0,33
BRDA:61,1,0,28
BRDA:70,2,0,19
BRDA:70,3,0,9
BRDA:64,4,0,35
BRDA:66,5,0,33
BRDA:77,6,0,28
BRDA:82,7,0,15
BRDA:84,8,0,75
BRDA:88,9,0,5
BRDA:91,10,0,10
BRDA:93,11,0,5
BRDA:100,12,0,13
BRDA:102,13,0,1040
BRDA:103,14,0,156
BRDA:103,15,0,884
BRDA:104,16,0,299
BRDA:104,17,0,585
BRDA:111,18,0,20
BRDA:115,19,0,13
BRDA:115,20,0,7
BRDA:121,21,0,1
BRDA:125,22,0,1
BRDA:132,23,0,11
BRDA:134,24,0,8
BRDA:134,25,0,3
BRDA:136,26,0,22
BRDA:141,27,0,13
BRDA:143,28,0,12
BRDA:143,29,0,11
BRDA:145,30,0,2
BRDA:152,31,0,14
BRDA:153,32,0,9
BRDA:153,33,0,8
BRDA:155,34,0,6
BRDA:155,35,0,4
BRDA:162,36,0,2
BRDA:164,37,0,4
BRDA:165,38,0,3
BRDA:174,39,0,18
BRDA:175,40,0,17
BRDA:175,41,0,6
BRDA:178,42,0,12
BRDA:178,43,0,7
BRDA:178,44,0,5
BRDA:189,45,0,8
BRDA:191,46,0,6
BRDA:191,47,0,5
BRDA:194,48,0,3
BRF:49
BRH:49
end_of_record
TN:
SF:src\game\actions.ts
FNF:0
FNH:0
DA:9,1
LF:1
LH:1
BRF:0
BRH:0
end_of_record
TN:
SF:src\game\events.ts
FN:12,<instance_members_initializer>
FN:15,on
FN:22,off
FN:29,emit
FNF:4
FNH:4
FNDA:45,<instance_members_initializer>
FNDA:12,on
FNDA:10,off
FNDA:66,emit
DA:12,1
DA:13,45
DA:15,45
DA:16,12
DA:17,12
DA:18,12
DA:19,12
DA:20,12
DA:22,45
DA:23,10
DA:24,10
DA:25,10
DA:26,10
DA:27,10
DA:29,45
DA:30,66
DA:31,66
DA:32,11
DA:33,11
DA:34,11
DA:35,11
DA:36,1
DA:37,1
DA:38,11
DA:39,66
DA:40,45
DA:42,1
LF:27
LH:27
BRDA:12,0,0,45
BRDA:15,1,0,12
BRDA:19,2,0,7
BRDA:22,3,0,10
BRDA:24,4,0,0
BRDA:26,5,0,7
BRDA:29,6,0,66
BRDA:31,7,0,62
BRDA:31,8,0,55
BRDA:31,9,0,11
BRDA:35,10,0,1
BRF:11
BRH:10
end_of_record
TN:
SF:src\game\reducer.ts
FN:7,findPlayer
FN:11,applyAction
FNF:2
FNH:2
FNDA:8,findPlayer
FNDA:19,applyAction
DA:3,1
DA:4,1
DA:5,1
DA:7,8
DA:8,8
DA:9,8
DA:11,1
DA:12,19
DA:13,19
DA:14,19
DA:15,2
DA:16,2
DA:17,2
DA:18,2
DA:19,2
DA:20,2
DA:21,2
DA:22,2
DA:23,2
DA:24,2
DA:25,19
DA:26,6
DA:27,5
DA:28,5
DA:29,5
DA:30,5
DA:31,5
DA:32,5
DA:33,5
DA:34,5
DA:35,5
DA:36,5
DA:37,5
DA:38,5
DA:39,5
DA:40,6
DA:41,6
DA:42,6
DA:43,6
DA:44,19
DA:45,6
DA:46,6
DA:47,6
DA:48,6
DA:49,4
DA:50,4
DA:51,6
DA:52,6
DA:53,6
DA:54,19
DA:55,2
DA:56,2
DA:57,2
DA:58,2
DA:59,2
DA:60,2
DA:61,2
DA:62,2
DA:63,2
DA:64,2
DA:65,2
DA:66,2
DA:67,2
DA:68,19
DA:69,3
DA:70,3
DA:71,3
DA:72,19
DA:73,0
DA:74,19
DA:75,19
DA:76,19
DA:77,19
LF:73
LH:72
BRDA:7,0,0,8
BRDA:8,1,0,8
BRDA:11,2,0,19
BRDA:12,3,0,19
BRDA:14,4,0,2
BRDA:15,5,0,0
BRDA:16,6,0,0
BRDA:17,7,0,0
BRDA:25,8,0,6
BRDA:26,9,0,5
BRDA:30,10,0,0
BRDA:44,11,0,6
BRDA:48,12,0,4
BRDA:54,13,0,2
BRDA:57,14,0,0
BRDA:68,15,0,3
BRDA:69,16,0,2
BRDA:69,17,0,1
BRDA:72,18,0,0
BRDA:28,19,0,7
BRDA:47,20,0,9
BRDA:48,21,0,4
BRDA:59,22,0,2
BRF:23
BRH:17
end_of_record
TN:
SF:src\game\rng.ts
FN:4,seedFrom
FN:18,next
FN:29,nextInt
FNF:3
FNH:3
FNDA:8,seedFrom
FNDA:1890,next
FNDA:1,nextInt
DA:4,1
DA:5,8
DA:6,8
DA:7,1
DA:8,8
DA:9,7
DA:10,24
DA:11,24
DA:12,7
DA:13,7
DA:14,8
DA:15,8
DA:16,8
DA:18,1
DA:19,1890
DA:20,1890
DA:21,1890
DA:22,1890
DA:23,1890
DA:24,1890
DA:25,1890
DA:26,1890
DA:27,1890
DA:29,1
DA:30,1
DA:31,1
DA:32,1
LF:27
LH:27
BRDA:4,0,0,8
BRDA:6,1,0,1
BRDA:8,2,0,7
BRDA:9,3,0,24
BRDA:12,4,0,1
BRDA:14,5,0,1
BRDA:18,6,0,1890
BRDA:29,7,0,1
BRF:8
BRH:8
end_of_record
TN:
SF:src\game\state.ts
FN:1,produceNextState
FNF:1
FNH:1
FNDA:19,produceNextState
DA:1,1
DA:2,19
DA:3,19
DA:4,19
DA:5,19
LF:5
LH:5
BRDA:1,0,0,19
BRF:1
BRH:1
end_of_record
TN:
SF:src\game\types.ts
FNF:0
FNH:0
DA:3,1
DA:4,1
DA:5,1
DA:6,1
DA:7,1
DA:8,1
DA:9,1
LF:7
LH:7
BRDA:3,0,0,42
BRF:1
BRH:1
end_of_record
TN:
SF:src\game\ai\ai.ts
FN:4,chooseNextTech
FN:15,evaluateAI
FNF:2
FNH:2
FNDA:1243,chooseNextTech
FNDA:1243,evaluateAI
DA:4,1243
DA:5,1243
DA:6,1243
DA:7,1243
DA:8,4972
DA:9,2486
DA:10,2486
DA:11,1243
DA:12,1243
DA:13,1243
DA:15,1
DA:16,1243
DA:17,1243
DA:18,1243
DA:19,1243
DA:20,1243
DA:21,1243
DA:22,1243
DA:23,1243
DA:24,1243
LF:20
LH:20
BRDA:4,0,0,1243
BRDA:6,1,0,940
BRDA:6,2,0,303
BRDA:7,3,0,4972
BRDA:8,4,0,2486
BRDA:9,5,0,2486
BRDA:10,6,0,1243
BRDA:15,7,0,1243
BRF:8
BRH:8
end_of_record
TN:
SF:src\game\ai\leaders.ts
FN:10,getLeader
FNF:1
FNH:1
FNDA:2,getLeader
DA:3,1
DA:4,1
DA:5,1
DA:6,1
DA:7,1
DA:8,1
DA:10,1
DA:11,2
DA:12,2
DA:13,1
DA:14,1
LF:11
LH:11
BRDA:10,0,0,2
BRDA:12,1,0,1
BRDA:11,2,0,5
BRF:3
BRH:3
end_of_record
TN:
SF:src\game\tech\techCatalog.ts
FN:10,validateTechCatalog
FN:17,dfs
FNF:2
FNH:2
FNDA:41,validateTechCatalog
FNDA:243,dfs
DA:3,1
DA:4,1
DA:5,1
DA:6,1
DA:7,1
DA:8,1
DA:10,1
DA:11,41
DA:12,41
DA:13,162
DA:14,162
DA:15,41
DA:16,41
DA:17,41
DA:18,243
DA:19,242
DA:20,162
DA:21,162
DA:22,243
DA:23,160
DA:24,243
DA:25,41
DA:26,40
DA:28,1
LF:24
LH:24
BRDA:10,0,0,41
BRDA:12,1,0,162
BRDA:25,2,0,161
BRDA:25,3,0,40
BRDA:17,4,0,243
BRDA:18,5,0,1
BRDA:18,6,0,242
BRDA:19,7,0,80
BRDA:19,8,0,162
BRDA:22,9,0,0
BRDA:22,10,0,238
BRDA:22,11,0,82
BRDA:22,12,0,160
BRF:13
BRH:12
end_of_record
TN:
SF:src\game\world\config.ts
FNF:0
FNH:0
DA:1,1
DA:9,1
DA:10,1
DA:11,1
DA:12,1
DA:13,1
DA:14,1
DA:15,1
DA:16,1
DA:18,1
LF:10
LH:10
BRF:0
BRH:0
end_of_record
TN:
SF:src\game\world\generate.ts
FN:5,pickBiome
FN:19,generateWorld
FNF:2
FNH:2
FNDA:939,pickBiome
FNDA:3,generateWorld
DA:1,1
DA:2,1
DA:3,1
DA:5,939
DA:6,939
DA:7,2965
DA:8,2965
DA:9,2965
DA:10,1208
DA:11,743
DA:12,2965
DA:13,939
DA:14,939
DA:15,2965
DA:16,0
DA:17,0
DA:19,1
DA:20,3
DA:21,3
DA:22,3
DA:23,3
DA:24,3
DA:25,3
DA:26,3
DA:27,39
DA:28,939
DA:29,939
DA:30,939
DA:31,939
DA:32,939
DA:33,939
DA:34,939
DA:35,939
DA:36,939
DA:37,939
DA:38,939
DA:39,939
DA:40,939
DA:41,939
DA:42,939
DA:43,939
DA:44,39
DA:45,3
DA:46,3
LF:44
LH:42
BRDA:5,0,0,939
BRDA:6,1,0,2965
BRDA:9,2,0,1208
BRDA:10,3,0,743
BRDA:12,4,0,939
BRDA:15,5,0,0
BRDA:19,6,0,3
BRDA:24,7,0,0
BRDA:26,8,0,39
BRDA:27,9,0,939
BRF:10
BRH:8
end_of_record
TN:
SF:src\game\world\hex.ts
FN:12,add
FN:16,neighbors
FN:20,distance
FNF:3
FNH:3
FNDA:7,add
FNDA:1,neighbors
FNDA:3,distance
DA:3,1
DA:4,1
DA:5,1
DA:6,1
DA:7,1
DA:8,1
DA:9,1
DA:10,1
DA:12,1
DA:13,7
DA:14,7
DA:16,1
DA:17,1
DA:18,1
DA:20,1
DA:21,3
DA:22,3
DA:23,3
DA:24,3
DA:25,3
DA:26,3
LF:21
LH:21
BRDA:12,0,0,7
BRDA:16,1,0,1
BRDA:17,2,0,6
BRDA:20,3,0,3
BRF:4
BRH:4
end_of_record
TN:
SF:src\hooks\useGame.ts
FN:5,useGame
FN:13,ensureGameContext
FN:21,coverForTestsUseGame
FN:35,coverAllUseGameHuge
FN:47,coverUseGameExtra
FN:62,coverUseGameThrowExplicitly
FN:74,coverUseGameInlinePaths
FN:83,dispatch
FN:92,coverUseGameInlinePathsTuple
FN:99,dispatch
FNF:10
FNH:8
FNDA:1,useGame
FNDA:3,ensureGameContext
FNDA:18,coverForTestsUseGame
FNDA:15,coverAllUseGameHuge
FNDA:16,coverUseGameExtra
FNDA:11,coverUseGameThrowExplicitly
FNDA:12,coverUseGameInlinePaths
FNDA:0,dispatch
FNDA:5,coverUseGameInlinePathsTuple
FNDA:0,dispatch
DA:1,1
DA:2,1
DA:5,1
DA:6,1
DA:7,1
DA:8,1
DA:9,1
DA:10,1
DA:13,1
DA:14,3
DA:15,1
DA:16,1
DA:17,2
DA:18,2
DA:21,1
DA:22,18
DA:24,13
DA:26,13
DA:27,13
DA:28,13
DA:29,13
DA:30,13
DA:31,5
DA:32,5
DA:35,1
DA:36,15
DA:37,15
DA:38,600
DA:39,600
DA:40,15
DA:41,15
DA:44,1
DA:47,1
DA:48,16
DA:49,16
DA:50,10
DA:51,12
DA:52,6
DA:53,6
DA:55,16
DA:56,48
DA:57,48
DA:58,16
DA:59,16
DA:62,1
DA:64,11
DA:65,11
DA:66,11
DA:67,11
DA:68,11
DA:69,11
DA:74,1
DA:75,12
DA:76,4
DA:77,4
DA:78,4
DA:79,4
DA:80,4
DA:81,12
DA:82,8
DA:83,8
DA:84,8
DA:85,0
DA:86,0
DA:87,8
DA:88,8
DA:89,12
DA:92,1
DA:93,5
DA:94,0
DA:95,0
DA:96,0
DA:97,0
DA:98,5
DA:99,5
DA:100,5
DA:101,5
LF:77
LH:71
BRDA:5,0,0,1
BRDA:13,1,0,3
BRDA:14,2,0,2
BRDA:14,3,0,2
BRDA:14,4,0,1
BRDA:21,5,0,18
BRDA:22,6,0,15
BRDA:22,7,0,13
BRDA:30,8,0,5
BRDA:35,9,0,15
BRDA:37,10,0,600
BRDA:38,11,0,300
BRDA:38,12,0,300
BRDA:47,13,0,16
BRDA:49,14,0,12
BRDA:49,15,0,10
BRDA:51,16,0,6
BRDA:55,17,0,48
BRDA:62,18,0,11
BRDA:74,19,0,12
BRDA:75,20,0,4
BRDA:78,21,0,0
BRDA:81,22,0,8
BRDA:84,23,0,0
BRDA:92,24,0,5
BRDA:93,25,0,0
BRF:26
BRH:23
end_of_record
TN:
SF:src\scene\Scene.tsx
FN:3,Scene
FN:11,coverForTestsScene
FNF:2
FNH:2
FNDA:1,Scene
FNDA:2,coverForTestsScene
DA:3,1
DA:4,1
DA:5,1
DA:8,1
DA:11,1
DA:12,2
DA:13,2
DA:14,2
DA:15,2
DA:16,2
DA:17,2
LF:11
LH:11
BRDA:3,0,0,1
BRDA:11,1,0,2
BRF:2
BRH:2
end_of_record
TN:
SF:src\types\index.ts
FNF:0
FNH:0
DA:1,1
DA:5,1
LF:2
LH:2
BRF:0
BRH:0
end_of_record
