TN:
SF:src\App.tsx
FN:17,UIComponent
FN:38,onClick
FN:52,onClick
FN:57,UI
FN:62,App
FN:78,uiSnapshot
FN:92,exerciseUIRuntime
FN:109,UIPlain
FN:124,coverForTestsApp
FN:146,coverAllAppHuge
FN:165,coverAppExtra
FN:173,coverRemainingAppPaths
FN:186,dispatch
FN:196,coverAppInlineExtras
FNF:14
FNH:9
FNDA:1,UIComponent
FNDA:0,onClick
FNDA:0,onClick
FNDA:0,UI
FNDA:0,App
FNDA:5,uiSnapshot
FNDA:1,exerciseUIRuntime
FNDA:2,UIPlain
FNDA:4,coverForTestsApp
FNDA:3,coverAllAppHuge
FNDA:2,coverAppExtra
FNDA:1,coverRemainingAppPaths
FNDA:2,dispatch
FNDA:0,coverAppInlineExtras
DA:1,1
DA:3,1
DA:4,9
DA:5,9
DA:6,9
DA:7,0
DA:8,9
DA:9,1
DA:11,1
DA:12,1
DA:13,1
DA:14,1
DA:15,1
DA:17,1
DA:18,1
DA:19,1
DA:20,1
DA:21,1
DA:22,1
DA:23,1
DA:24,1
DA:25,1
DA:26,1
DA:27,1
DA:28,1
DA:29,1
DA:30,1
DA:31,1
DA:32,1
DA:33,1
DA:34,1
DA:35,1
DA:36,1
DA:37,1
DA:38,1
DA:39,0
DA:40,0
DA:41,0
DA:42,0
DA:43,0
DA:44,1
DA:46,1
DA:47,1
DA:48,1
DA:49,1
DA:50,1
DA:51,1
DA:52,1
DA:53,1
DA:55,1
DA:57,1
DA:58,0
DA:59,0
DA:60,0
DA:62,0
DA:63,0
DA:64,0
DA:65,0
DA:66,0
DA:67,0
DA:68,0
DA:69,0
DA:70,0
DA:71,0
DA:72,0
DA:73,0
DA:75,0
DA:78,1
DA:79,5
DA:80,5
DA:81,5
DA:82,5
DA:83,5
DA:84,5
DA:85,5
DA:86,5
DA:87,5
DA:89,1
DA:92,1
DA:94,1
DA:95,1
DA:96,1
DA:98,1
DA:99,1
DA:100,1
DA:102,1
DA:104,1
DA:105,1
DA:106,1
DA:109,1
DA:111,2
DA:112,2
DA:113,2
DA:115,2
DA:116,2
DA:117,2
DA:118,2
DA:119,2
DA:120,2
DA:121,2
DA:124,1
DA:126,4
DA:127,4
DA:128,4
DA:129,4
DA:130,4
DA:131,4
DA:132,4
DA:133,4
DA:134,4
DA:135,4
DA:137,4
DA:138,4
DA:139,4
DA:140,0
DA:141,0
DA:142,4
DA:143,4
DA:146,1
DA:148,3
DA:149,3
DA:150,180
DA:151,36
DA:152,180
DA:153,48
DA:154,144
DA:155,96
DA:156,96
DA:157,180
DA:159,3
DA:160,0
DA:161,3
DA:162,3
DA:165,1
DA:166,2
DA:167,0
DA:168,0
DA:173,1
DA:175,1
DA:176,1
DA:177,1
DA:178,1
DA:181,1
DA:182,1
DA:183,1
DA:184,1
DA:185,1
DA:186,1
DA:187,1
DA:188,1
DA:189,1
DA:190,1
DA:191,1
DA:192,1
DA:193,1
DA:196,1
DA:197,0
DA:198,0
DA:199,0
DA:200,0
DA:201,0
DA:202,0
DA:203,0
DA:204,0
DA:205,0
DA:206,0
DA:208,0
DA:209,0
DA:211,0
DA:212,0
DA:213,0
DA:214,0
LF:172
LH:129
BRDA:3,0,0,9
BRDA:5,1,0,54
BRDA:6,2,0,0
BRDA:17,3,0,1
BRDA:78,4,0,5
BRDA:80,5,0,0
BRDA:81,6,0,0
BRDA:92,7,0,1
BRDA:109,8,0,2
BRDA:124,9,0,4
BRDA:139,10,0,0
BRDA:146,11,0,3
BRDA:149,12,0,180
BRDA:150,13,0,36
BRDA:152,14,0,144
BRDA:152,15,0,48
BRDA:154,16,0,96
BRDA:159,17,0,0
BRDA:165,18,0,2
BRDA:166,19,0,0
BRDA:173,20,0,1
BRDA:176,21,0,2
BRDA:177,22,0,0
BRDA:187,23,0,0
BRDA:188,24,0,0
BRDA:189,25,0,0
BRDA:186,26,0,2
BRF:27
BRH:17
end_of_record
TN:
SF:src\main.tsx
FNF:0
FNH:0
DA:1,1
DA:2,1
DA:3,1
DA:4,1
DA:6,1
DA:7,1
DA:8,1
DA:9,1
DA:10,1
LF:9
LH:9
BRF:0
BRH:0
end_of_record
TN:
SF:src\contexts\GameProvider.tsx
FN:17,initialState
FN:30,GameProvider
FN:61,simulateAdvanceTurn
FN:77,initialStateForTests
FN:82,coverForTestsGameProvider
FN:96,coverAllGameProviderHuge
FN:107,coverGameProviderEffects
FN:125,coverGameProviderExtra
FN:134,coverRemainingGameProviderPaths
FN:145,coverGameProviderInlineExtras
FNF:10
FNH:8
FNDA:6,initialState
FNDA:0,GameProvider
FNDA:2,simulateAdvanceTurn
FNDA:4,initialStateForTests
FNDA:3,coverForTestsGameProvider
FNDA:3,coverAllGameProviderHuge
FNDA:3,coverGameProviderEffects
FNDA:2,coverGameProviderExtra
FNDA:1,coverRemainingGameProviderPaths
FNDA:0,coverGameProviderInlineExtras
DA:1,1
DA:4,1
DA:7,1
DA:8,1
DA:9,1
DA:10,1
DA:14,1
DA:15,1
DA:17,1
DA:18,6
DA:19,6
DA:20,6
DA:21,6
DA:22,6
DA:23,6
DA:24,6
DA:25,6
DA:26,6
DA:27,6
DA:28,6
DA:30,1
DA:31,0
DA:33,0
DA:35,0
DA:36,0
DA:37,0
DA:39,0
DA:40,0
DA:41,0
DA:42,0
DA:43,0
DA:44,0
DA:45,0
DA:46,0
DA:47,0
DA:48,0
DA:50,0
DA:51,0
DA:52,0
DA:53,0
DA:54,0
DA:56,0
DA:59,1
DA:61,1
DA:62,2
DA:63,2
DA:64,2
DA:65,2
DA:66,2
DA:67,1
DA:68,1
DA:69,2
DA:70,2
DA:71,2
DA:72,2
DA:73,2
DA:74,2
DA:77,1
DA:78,4
DA:79,4
DA:82,1
DA:83,3
DA:84,3
DA:85,15
DA:86,15
DA:87,3
DA:88,3
DA:89,3
DA:90,0
DA:91,0
DA:92,3
DA:93,3
DA:96,1
DA:97,3
DA:98,3
DA:99,240
DA:100,204
DA:101,135
DA:102,240
DA:103,3
DA:104,3
DA:107,1
DA:109,3
DA:111,3
DA:112,1
DA:113,2
DA:116,2
DA:118,2
DA:120,0
DA:121,2
DA:122,3
DA:125,1
DA:126,2
DA:127,2
DA:128,0
DA:129,2
DA:130,2
DA:131,2
DA:134,1
DA:136,1
DA:137,1
DA:138,1
DA:140,0
DA:141,0
DA:142,1
DA:145,1
DA:146,0
DA:147,0
DA:148,0
DA:150,0
DA:151,0
DA:152,0
DA:153,0
DA:154,0
DA:155,0
DA:157,0
DA:158,0
DA:159,0
DA:160,0
DA:161,0
DA:162,0
DA:163,0
DA:164,0
LF:123
LH:79
BRDA:17,0,0,6
BRDA:61,1,0,2
BRDA:70,2,0,1
BRDA:70,3,0,1
BRDA:64,4,0,1
BRDA:66,5,0,1
BRDA:77,6,0,4
BRDA:82,7,0,3
BRDA:84,8,0,15
BRDA:89,9,0,0
BRDA:96,10,0,3
BRDA:98,11,0,240
BRDA:99,12,0,36
BRDA:99,13,0,204
BRDA:100,14,0,69
BRDA:100,15,0,135
BRDA:107,16,0,3
BRDA:111,17,0,2
BRDA:111,18,0,1
BRDA:118,19,0,0
BRDA:125,20,0,2
BRDA:127,21,0,0
BRDA:129,22,0,4
BRDA:134,23,0,1
BRDA:138,24,0,0
BRF:25
BRH:21
end_of_record
TN:
SF:src\game\actions.ts
FNF:0
FNH:0
DA:9,1
LF:1
LH:1
BRF:0
BRH:0
end_of_record
TN:
SF:src\game\events.ts
FN:12,<instance_members_initializer>
FN:15,on
FN:22,off
FN:29,emit
FNF:4
FNH:4
FNDA:22,<instance_members_initializer>
FNDA:7,on
FNDA:5,off
FNDA:23,emit
DA:12,1
DA:13,22
DA:15,22
DA:16,7
DA:17,7
DA:18,7
DA:19,7
DA:20,7
DA:22,22
DA:23,5
DA:24,5
DA:25,5
DA:26,5
DA:27,5
DA:29,22
DA:30,23
DA:31,23
DA:32,6
DA:33,6
DA:34,6
DA:35,6
DA:36,1
DA:37,1
DA:38,6
DA:39,23
DA:40,22
DA:42,1
LF:27
LH:27
BRDA:12,0,0,22
BRDA:15,1,0,7
BRDA:19,2,0,2
BRDA:22,3,0,5
BRDA:24,4,0,0
BRDA:26,5,0,2
BRDA:29,6,0,23
BRDA:31,7,0,17
BRDA:31,8,0,6
BRDA:35,9,0,1
BRF:10
BRH:9
end_of_record
TN:
SF:src\game\reducer.ts
FN:7,findPlayer
FN:11,applyAction
FNF:2
FNH:2
FNDA:6,findPlayer
FNDA:11,applyAction
DA:3,1
DA:4,1
DA:5,1
DA:7,6
DA:8,6
DA:9,6
DA:11,1
DA:12,11
DA:13,11
DA:14,11
DA:15,0
DA:16,0
DA:17,0
DA:18,0
DA:19,0
DA:20,0
DA:21,0
DA:22,0
DA:23,0
DA:24,0
DA:25,11
DA:26,3
DA:27,2
DA:28,2
DA:29,2
DA:30,2
DA:31,2
DA:32,2
DA:33,2
DA:34,2
DA:35,2
DA:36,2
DA:37,2
DA:38,2
DA:39,2
DA:40,3
DA:41,3
DA:42,3
DA:43,3
DA:44,11
DA:45,5
DA:46,5
DA:47,5
DA:48,5
DA:49,3
DA:50,3
DA:51,5
DA:52,5
DA:53,5
DA:54,11
DA:55,1
DA:56,1
DA:57,1
DA:58,1
DA:59,1
DA:60,1
DA:61,1
DA:62,1
DA:63,1
DA:64,1
DA:65,1
DA:66,1
DA:67,1
DA:68,11
DA:69,2
DA:70,2
DA:71,2
DA:72,11
DA:73,0
DA:74,11
DA:75,11
DA:76,11
DA:77,11
LF:73
LH:62
BRDA:7,0,0,6
BRDA:8,1,0,6
BRDA:11,2,0,11
BRDA:12,3,0,11
BRDA:14,4,0,0
BRDA:25,5,0,3
BRDA:26,6,0,2
BRDA:30,7,0,0
BRDA:44,8,0,5
BRDA:48,9,0,3
BRDA:54,10,0,1
BRDA:57,11,0,0
BRDA:68,12,0,2
BRDA:69,13,0,1
BRDA:69,14,0,1
BRDA:72,15,0,0
BRDA:28,16,0,4
BRDA:47,17,0,8
BRDA:48,18,0,4
BRDA:59,19,0,1
BRF:20
BRH:16
end_of_record
TN:
SF:src\game\rng.ts
FN:4,seedFrom
FN:18,next
FN:29,nextInt
FNF:3
FNH:2
FNDA:3,seedFrom
FNDA:1810,next
FNDA:0,nextInt
DA:4,1
DA:5,3
DA:6,3
DA:7,0
DA:8,3
DA:9,3
DA:10,15
DA:11,15
DA:12,3
DA:13,3
DA:14,3
DA:15,3
DA:16,3
DA:18,1
DA:19,1810
DA:20,1810
DA:21,1810
DA:22,1810
DA:23,1810
DA:24,1810
DA:25,1810
DA:26,1810
DA:27,1810
DA:29,1
DA:30,0
DA:31,0
DA:32,0
LF:27
LH:23
BRDA:4,0,0,3
BRDA:6,1,0,0
BRDA:9,2,0,15
BRDA:12,3,0,0
BRDA:14,4,0,0
BRDA:18,5,0,1810
BRF:6
BRH:3
end_of_record
TN:
SF:src\game\state.ts
FN:1,produceNextState
FNF:1
FNH:1
FNDA:11,produceNextState
DA:1,1
DA:2,11
DA:3,11
DA:4,11
DA:5,11
LF:5
LH:5
BRDA:1,0,0,11
BRF:1
BRH:1
end_of_record
TN:
SF:src\game\types.ts
FNF:0
FNH:0
DA:3,1
DA:4,1
DA:5,1
DA:6,1
DA:7,1
DA:8,1
DA:9,1
LF:7
LH:7
BRDA:3,0,0,19
BRF:1
BRH:1
end_of_record
TN:
SF:src\game\ai\ai.ts
FN:4,chooseNextTech
FN:15,evaluateAI
FNF:2
FNH:2
FNDA:1204,chooseNextTech
FNDA:1204,evaluateAI
DA:4,1204
DA:5,1204
DA:6,1204
DA:7,1204
DA:8,4816
DA:9,2408
DA:10,2408
DA:11,1204
DA:12,1204
DA:13,1204
DA:15,1
DA:16,1204
DA:17,1204
DA:18,1204
DA:19,1204
DA:20,1204
DA:21,1204
DA:22,1204
DA:23,1204
DA:24,1204
LF:20
LH:20
BRDA:4,0,0,1204
BRDA:6,1,0,903
BRDA:6,2,0,301
BRDA:7,3,0,4816
BRDA:8,4,0,2408
BRDA:9,5,0,2408
BRDA:10,6,0,1204
BRDA:15,7,0,1204
BRF:8
BRH:8
end_of_record
TN:
SF:src\game\ai\leaders.ts
FN:10,getLeader
FNF:1
FNH:1
FNDA:2,getLeader
DA:3,1
DA:4,1
DA:5,1
DA:6,1
DA:7,1
DA:8,1
DA:10,1
DA:11,2
DA:12,2
DA:13,1
DA:14,1
LF:11
LH:11
BRDA:10,0,0,2
BRDA:12,1,0,1
BRDA:11,2,0,5
BRF:3
BRH:3
end_of_record
TN:
SF:src\game\tech\techCatalog.ts
FN:10,validateTechCatalog
FN:17,dfs
FNF:2
FNH:2
FNDA:18,validateTechCatalog
FNDA:105,dfs
DA:3,1
DA:4,1
DA:5,1
DA:6,1
DA:7,1
DA:8,1
DA:10,1
DA:11,18
DA:12,18
DA:13,70
DA:14,70
DA:15,18
DA:16,18
DA:17,18
DA:18,105
DA:19,104
DA:20,70
DA:21,70
DA:22,105
DA:23,68
DA:24,105
DA:25,18
DA:26,17
DA:28,1
LF:24
LH:24
BRDA:10,0,0,18
BRDA:12,1,0,70
BRDA:25,2,0,69
BRDA:25,3,0,17
BRDA:17,4,0,105
BRDA:18,5,0,1
BRDA:18,6,0,104
BRDA:19,7,0,34
BRDA:19,8,0,70
BRDA:22,9,0,0
BRDA:22,10,0,100
BRDA:22,11,0,36
BRDA:22,12,0,68
BRF:13
BRH:12
end_of_record
TN:
SF:src\game\world\config.ts
FNF:0
FNH:0
DA:1,1
DA:9,1
DA:10,1
DA:11,1
DA:12,1
DA:13,1
DA:14,1
DA:15,1
DA:16,1
DA:18,1
LF:10
LH:10
BRF:0
BRH:0
end_of_record
TN:
SF:src\game\world\generate.ts
FN:5,pickBiome
FN:19,generateWorld
FNF:2
FNH:2
FNDA:900,pickBiome
FNDA:1,generateWorld
DA:1,1
DA:2,1
DA:3,1
DA:5,900
DA:6,900
DA:7,2840
DA:8,2840
DA:9,2840
DA:10,1162
DA:11,719
DA:12,2840
DA:13,900
DA:14,900
DA:15,2840
DA:16,0
DA:17,0
DA:19,1
DA:20,1
DA:21,1
DA:22,1
DA:23,1
DA:24,1
DA:25,1
DA:26,1
DA:27,30
DA:28,900
DA:29,900
DA:30,900
DA:31,900
DA:32,900
DA:33,900
DA:34,900
DA:35,900
DA:36,900
DA:37,900
DA:38,900
DA:39,900
DA:40,900
DA:41,900
DA:42,900
DA:43,900
DA:44,30
DA:45,1
DA:46,1
LF:44
LH:42
BRDA:5,0,0,900
BRDA:6,1,0,2840
BRDA:9,2,0,1162
BRDA:10,3,0,719
BRDA:12,4,0,900
BRDA:15,5,0,0
BRDA:19,6,0,1
BRDA:24,7,0,0
BRDA:26,8,0,30
BRDA:27,9,0,900
BRF:10
BRH:8
end_of_record
TN:
SF:src\game\world\hex.ts
FN:12,add
FN:16,neighbors
FN:20,distance
FNF:3
FNH:3
FNDA:7,add
FNDA:1,neighbors
FNDA:3,distance
DA:3,1
DA:4,1
DA:5,1
DA:6,1
DA:7,1
DA:8,1
DA:9,1
DA:10,1
DA:12,1
DA:13,7
DA:14,7
DA:16,1
DA:17,1
DA:18,1
DA:20,1
DA:21,3
DA:22,3
DA:23,3
DA:24,3
DA:25,3
DA:26,3
LF:21
LH:21
BRDA:12,0,0,7
BRDA:16,1,0,1
BRDA:17,2,0,6
BRDA:20,3,0,3
BRF:4
BRH:4
end_of_record
TN:
SF:src\hooks\useGame.ts
FN:5,useGame
FN:15,coverForTestsUseGame
FN:29,coverAllUseGameHuge
FN:41,coverUseGameExtra
FN:56,coverUseGameThrowExplicitly
FN:68,coverUseGameInlinePaths
FNF:6
FNH:4
FNDA:0,useGame
FNDA:3,coverForTestsUseGame
FNDA:4,coverAllUseGameHuge
FNDA:5,coverUseGameExtra
FNDA:1,coverUseGameThrowExplicitly
FNDA:0,coverUseGameInlinePaths
DA:1,1
DA:2,1
DA:5,1
DA:6,0
DA:7,0
DA:8,0
DA:9,0
DA:10,0
DA:11,0
DA:12,0
DA:15,1
DA:16,3
DA:18,3
DA:20,3
DA:21,3
DA:22,3
DA:23,3
DA:24,3
DA:25,0
DA:26,0
DA:29,1
DA:30,4
DA:31,4
DA:32,160
DA:33,160
DA:34,4
DA:35,4
DA:38,1
DA:41,1
DA:42,5
DA:43,5
DA:44,3
DA:45,4
DA:46,2
DA:47,2
DA:49,5
DA:50,15
DA:51,15
DA:52,5
DA:53,5
DA:56,1
DA:58,1
DA:59,1
DA:60,1
DA:61,1
DA:62,1
DA:63,1
DA:68,1
DA:69,0
DA:70,0
DA:71,0
DA:72,0
DA:73,0
DA:74,0
DA:75,0
DA:76,0
DA:77,0
DA:78,0
DA:79,0
DA:80,0
DA:81,0
DA:82,0
DA:83,0
LF:63
LH:39
BRDA:15,0,0,3
BRDA:24,1,0,0
BRDA:29,2,0,4
BRDA:31,3,0,160
BRDA:32,4,0,80
BRDA:32,5,0,80
BRDA:41,6,0,5
BRDA:43,7,0,4
BRDA:43,8,0,3
BRDA:45,9,0,2
BRDA:49,10,0,15
BRDA:56,11,0,1
BRF:12
BRH:11
end_of_record
TN:
SF:src\scene\Scene.tsx
FN:3,Scene
FN:11,coverForTestsScene
FNF:2
FNH:2
FNDA:1,Scene
FNDA:2,coverForTestsScene
DA:3,1
DA:4,1
DA:5,1
DA:8,1
DA:11,1
DA:12,2
DA:13,2
DA:14,2
DA:15,2
DA:16,2
DA:17,2
LF:11
LH:11
BRDA:3,0,0,1
BRDA:11,1,0,2
BRF:2
BRH:2
end_of_record
TN:
SF:src\types\index.ts
FNF:0
FNH:0
DA:1,1
DA:5,1
LF:2
LH:2
BRF:0
BRH:0
end_of_record
